<?xml version="1.0" encoding="UTF-8"?>
<testng-results skipped="0" failed="0" ignored="0" total="1" passed="1">
  <reporter-output>
  </reporter-output>
  <suite name="Default suite" duration-ms="247104" started-at="2017-11-03T02:05:22Z" finished-at="2017-11-03T02:09:29Z">
    <groups>
    </groups>
    <test name="Default test" duration-ms="247104" started-at="2017-11-03T02:05:22Z" finished-at="2017-11-03T02:09:29Z">
      <class name="PageValidator.DuplicateId">
        <test-method status="PASS" signature="duplicateId()[pri:0, instance:PageValidator.DuplicateId@14ba872]" name="duplicateId" duration-ms="247049" started-at="2017-11-03T07:35:22Z" finished-at="2017-11-03T07:39:29Z">
          <reporter-output>
          </reporter-output>
        </test-method> <!-- duplicateId -->
      </class> <!-- PageValidator.DuplicateId -->
    </test> <!-- Default test -->
  </suite> <!-- Default suite -->
</testng-results>
